# JRE version: OpenJDK Runtime Environment (8.0_144-b01) (build 1.8.0_144-b01)
# Java VM: OpenJDK 64-Bit Server VM (25.144-b01 mixed mode linux-amd64 compressed oops)
Heap:
 PSYoungGen      total 215552K, used 0K [0x00000000f0800000, 0x0000000100000000, 0x0000000100000000)
  eden space 196608K, 0% used [0x00000000f0800000,0x00000000f0800000,0x00000000fc800000)
  from space 18944K, 0% used [0x00000000fed80000,0x00000000fed80000,0x0000000100000000)
  to   space 28672K, 0% used [0x00000000fc800000,0x00000000fc800000,0x00000000fe400000)
 ParOldGen       total 84480K, used 50610K [0x00000000d1800000, 0x00000000d6a80000, 0x00000000f0800000)
  object space 84480K, 59% used [0x00000000d1800000,0x00000000d496c8b8,0x00000000d6a80000)
 Metaspace       used 30958K, capacity 31574K, committed 31872K, reserved 1077248K
  class space    used 3432K, capacity 3627K, committed 3712K, reserved 1048576K
GC Heap History (10 events):
Event: 11.513 GC heap after
Heap after GC invocations=8 (full 1):
 PSYoungGen      total 105472K, used 0K [0x00000000f0800000, 0x00000000fd800000, 0x0000000100000000)
  eden space 95744K, 0% used [0x00000000f0800000,0x00000000f0800000,0x00000000f6580000)
  from space 9728K, 0% used [0x00000000f6580000,0x00000000f6580000,0x00000000f6f00000)
  to   space 10752K, 0% used [0x00000000fcd80000,0x00000000fcd80000,0x00000000fd800000)
 ParOldGen       total 38400K, used 18341K [0x00000000d1800000, 0x00000000d3d80000, 0x00000000f0800000)
  object space 38400K, 47% used [0x00000000d1800000,0x00000000d29e9728,0x00000000d3d80000)
 Metaspace       used 20839K, capacity 21162K, committed 21248K, reserved 1069056K
  class space    used 2346K, capacity 2488K, committed 2560K, reserved 1048576K
}
Event: 14.589 GC heap before
{Heap before GC invocations=9 (full 1):
 PSYoungGen      total 105472K, used 95744K [0x00000000f0800000, 0x00000000fd800000, 0x0000000100000000)
  eden space 95744K, 100% used [0x00000000f0800000,0x00000000f6580000,0x00000000f6580000)
  from space 9728K, 0% used [0x00000000f6580000,0x00000000f6580000,0x00000000f6f00000)
  to   space 10752K, 0% used [0x00000000fcd80000,0x00000000fcd80000,0x00000000fd800000)
 ParOldGen       total 38400K, used 23224K [0x00000000d1800000, 0x00000000d3d80000, 0x00000000f0800000)
  object space 38400K, 60% used [0x00000000d1800000,0x00000000d2eae300,0x00000000d3d80000)
 Metaspace       used 24644K, capacity 25164K, committed 25472K, reserved 1071104K
  class space    used 2783K, capacity 2920K, committed 2944K, reserved 1048576K
Event: 15.259 GC heap after
Heap after GC invocations=9 (full 1):
 PSYoungGen      total 191488K, used 10175K [0x00000000f0800000, 0x00000000fd780000, 0x0000000100000000)
  eden space 181248K, 0% used [0x00000000f0800000,0x00000000f0800000,0x00000000fb900000)
  from space 10240K, 99% used [0x00000000fcd80000,0x00000000fd76fd90,0x00000000fd780000)
  to   space 12288K, 0% used [0x00000000fbf80000,0x00000000fbf80000,0x00000000fcb80000)
 ParOldGen       total 48640K, used 47638K [0x00000000d1800000, 0x00000000d4780000, 0x00000000f0800000)
  object space 48640K, 97% used [0x00000000d1800000,0x00000000d4685b90,0x00000000d4780000)
 Metaspace       used 24644K, capacity 25164K, committed 25472K, reserved 1071104K
  class space    used 2783K, capacity 2920K, committed 2944K, reserved 1048576K
}
Event: 15.259 GC heap before
{Heap before GC invocations=10 (full 2):
 PSYoungGen      total 191488K, used 10175K [0x00000000f0800000, 0x00000000fd780000, 0x0000000100000000)
  eden space 181248K, 0% used [0x00000000f0800000,0x00000000f0800000,0x00000000fb900000)
  from space 10240K, 99% used [0x00000000fcd80000,0x00000000fd76fd90,0x00000000fd780000)
  to   space 12288K, 0% used [0x00000000fbf80000,0x00000000fbf80000,0x00000000fcb80000)
 ParOldGen       total 48640K, used 47638K [0x00000000d1800000, 0x00000000d4780000, 0x00000000f0800000)
  object space 48640K, 97% used [0x00000000d1800000,0x00000000d4685b90,0x00000000d4780000)
 Metaspace       used 24644K, capacity 25164K, committed 25472K, reserved 1071104K
  class space    used 2783K, capacity 2920K, committed 2944K, reserved 1048576K
Event: 15.883 GC heap after
Heap after GC invocations=10 (full 2):
 PSYoungGen      total 191488K, used 0K [0x00000000f0800000, 0x00000000fd780000, 0x0000000100000000)
  eden space 181248K, 0% used [0x00000000f0800000,0x00000000f0800000,0x00000000fb900000)
  from space 10240K, 0% used [0x00000000fcd80000,0x00000000fcd80000,0x00000000fd780000)
  to   space 12288K, 0% used [0x00000000fbf80000,0x00000000fbf80000,0x00000000fcb80000)
 ParOldGen       total 84480K, used 47071K [0x00000000d1800000, 0x00000000d6a80000, 0x00000000f0800000)
  object space 84480K, 55% used [0x00000000d1800000,0x00000000d45f7f48,0x00000000d6a80000)
 Metaspace       used 24644K, capacity 25164K, committed 25472K, reserved 1071104K
  class space    used 2783K, capacity 2920K, committed 2944K, reserved 1048576K
}
Event: 31.534 GC heap before
{Heap before GC invocations=11 (full 2):
 PSYoungGen      total 191488K, used 181248K [0x00000000f0800000, 0x00000000fd780000, 0x0000000100000000)
  eden space 181248K, 100% used [0x00000000f0800000,0x00000000fb900000,0x00000000fb900000)
  from space 10240K, 0% used [0x00000000fcd80000,0x00000000fcd80000,0x00000000fd780000)
  to   space 12288K, 0% used [0x00000000fbf80000,0x00000000fbf80000,0x00000000fcb80000)
 ParOldGen       total 84480K, used 47074K [0x00000000d1800000, 0x00000000d6a80000, 0x00000000f0800000)
  object space 84480K, 55% used [0x00000000d1800000,0x00000000d45f8848,0x00000000d6a80000)
 Metaspace       used 30926K, capacity 31560K, committed 31872K, reserved 1077248K
  class space    used 3429K, capacity 3625K, committed 3712K, reserved 1048576K
Event: 31.608 GC heap after
Heap after GC invocations=11 (full 2):
 PSYoungGen      total 200192K, used 12279K [0x00000000f0800000, 0x0000000100000000, 0x0000000100000000)
  eden space 187904K, 0% used [0x00000000f0800000,0x00000000f0800000,0x00000000fbf80000)
  from space 12288K, 99% used [0x00000000fbf80000,0x00000000fcb7df20,0x00000000fcb80000)
  to   space 18944K, 0% used [0x00000000fed80000,0x00000000fed80000,0x0000000100000000)
 ParOldGen       total 84480K, used 59506K [0x00000000d1800000, 0x00000000d6a80000, 0x00000000f0800000)
  object space 84480K, 70% used [0x00000000d1800000,0x00000000d521cb60,0x00000000d6a80000)
 Metaspace       used 30926K, capacity 31560K, committed 31872K, reserved 1077248K
  class space    used 3429K, capacity 3625K, committed 3712K, reserved 1048576K
}
Event: 47.249 GC heap before
{Heap before GC invocations=12 (full 2):
 PSYoungGen      total 200192K, used 200183K [0x00000000f0800000, 0x0000000100000000, 0x0000000100000000)
  eden space 187904K, 100% used [0x00000000f0800000,0x00000000fbf80000,0x00000000fbf80000)
  from space 12288K, 99% used [0x00000000fbf80000,0x00000000fcb7df20,0x00000000fcb80000)
  to   space 18944K, 0% used [0x00000000fed80000,0x00000000fed80000,0x0000000100000000)
 ParOldGen       total 84480K, used 59506K [0x00000000d1800000, 0x00000000d6a80000, 0x00000000f0800000)
  object space 84480K, 70% used [0x00000000d1800000,0x00000000d521cb60,0x00000000d6a80000)
 Metaspace       used 30958K, capacity 31574K, committed 31872K, reserved 1077248K
  class space    used 3432K, capacity 3627K, committed 3712K, reserved 1048576K
Event: 58.512 GC heap after
Heap after GC invocations=12 (full 2):
 PSYoungGen      total 215552K, used 18912K [0x00000000f0800000, 0x0000000100000000, 0x0000000100000000)
  eden space 196608K, 0% used [0x00000000f0800000,0x00000000f0800000,0x00000000fc800000)
  from space 18944K, 99% used [0x00000000fed80000,0x00000000ffff80a0,0x0000000100000000)
  to   space 28672K, 0% used [0x00000000fc800000,0x00000000fc800000,0x00000000fe400000)
 ParOldGen       total 84480K, used 77825K [0x00000000d1800000, 0x00000000d6a80000, 0x00000000f0800000)
  object space 84480K, 92% used [0x00000000d1800000,0x00000000d6400560,0x00000000d6a80000)
 Metaspace       used 30958K, capacity 31574K, committed 31872K, reserved 1077248K
  class space    used 3432K, capacity 3627K, committed 3712K, reserved 1048576K
}
Event: 73.298 GC heap before
{Heap before GC invocations=13 (full 3):
 PSYoungGen      total 215552K, used 18912K [0x00000000f0800000, 0x0000000100000000, 0x0000000100000000)
  eden space 196608K, 0% used [0x00000000f0800000,0x00000000f0800000,0x00000000fc800000)
  from space 18944K, 99% used [0x00000000fed80000,0x00000000ffff80a0,0x0000000100000000)
  to   space 28672K, 0% used [0x00000000fc800000,0x00000000fc800000,0x00000000fe400000)
 ParOldGen       total 84480K, used 77825K [0x00000000d1800000, 0x00000000d6a80000, 0x00000000f0800000)
  object space 84480K, 92% used [0x00000000d1800000,0x00000000d6400560,0x00000000d6a80000)
 Metaspace       used 30958K, capacity 31574K, committed 31872K, reserved 1077248K
  class space    used 3432K, capacity 3627K, committed 3712K, reserved 1048576K

